<?xml version="1.0" encoding="UTF-8"?>
<testng-results ignored="0" total="2" passed="2" failed="0" skipped="0">
  <reporter-output>
  </reporter-output>
  <suite started-at="2024-03-21T23:05:13 IST" name="Default suite" finished-at="2024-03-21T23:05:26 IST" duration-ms="13236">
    <groups>
    </groups>
    <test started-at="2024-03-21T23:05:13 IST" name="Default test" finished-at="2024-03-21T23:05:26 IST" duration-ms="13236">
      <class name="com.saucedemo.Tests.AddToCartTest">
        <test-method is-config="true" signature="setUp()[pri:0, instance:com.saucedemo.Tests.AddToCartTest@209da20d]" started-at="2024-03-21T23:05:13 IST" name="setUp" finished-at="2024-03-21T23:05:24 IST" duration-ms="11850" status="PASS">
          <reporter-output>
          </reporter-output>
        </test-method> <!-- setUp -->
        <test-method signature="Login()[pri:0, instance:com.saucedemo.Tests.AddToCartTest@209da20d]" started-at="2024-03-21T23:05:24 IST" name="Login" finished-at="2024-03-21T23:05:25 IST" duration-ms="778" status="PASS">
          <reporter-output>
          </reporter-output>
        </test-method> <!-- Login -->
        <test-method signature="AddToCart()[pri:0, instance:com.saucedemo.Tests.AddToCartTest@209da20d]" started-at="2024-03-21T23:05:25 IST" name="AddToCart" finished-at="2024-03-21T23:05:26 IST" depends-on-methods="com.saucedemo.Tests.AddToCartTest.Login" duration-ms="514" status="PASS">
          <reporter-output>
          </reporter-output>
        </test-method> <!-- AddToCart -->
      </class> <!-- com.saucedemo.Tests.AddToCartTest -->
    </test> <!-- Default test -->
  </suite> <!-- Default suite -->
</testng-results>
