<?xml version="1.0" encoding="UTF-8"?>
<!-- Generated by org.testng.reporters.JUnitXMLReporter -->
<testsuite ignored="0" hostname="HABEEBUNNISA" failures="0" tests="3" name="RemoveFromCart" time="10.747" errors="0" timestamp="2024-05-23T16:47:40 IST">
  <testcase classname="com.saucedemo.Tests.AddToCartTest" name="Login" time="0.492"/>
  <testcase classname="com.saucedemo.Tests.AddToCartTest" name="AddToCart" time="0.201"/>
  <testcase classname="com.saucedemo.Tests.RemoveFromCartTest" name="RemoveFromCart" time="0.438"/>
</testsuite> <!-- RemoveFromCart -->
