<?xml version="1.0" encoding="UTF-8"?>
<!-- Generated by org.testng.reporters.JUnitXMLReporter -->
<testsuite ignored="0" hostname="HABEEBUNNISA" failures="0" tests="3" name="RemoveFromCart" time="12.151" errors="0" timestamp="2024-03-22T05:24:18 IST">
  <testcase classname="com.saucedemo.Tests.AddToCartTest" name="Login" time="0.48"/>
  <testcase classname="com.saucedemo.Tests.AddToCartTest" name="AddToCart" time="0.189"/>
  <testcase classname="com.saucedemo.Tests.RemoveFromCartTest" name="RemoveFromCart" time="0.482"/>
</testsuite> <!-- RemoveFromCart -->
