<?xml version="1.0" encoding="UTF-8"?>
<!-- Generated by org.testng.reporters.JUnitXMLReporter -->
<testsuite ignored="0" hostname="HABEEBUNNISA" failures="0" tests="3" name="Test" time="10.018" errors="0" timestamp="2024-03-22T05:17:13 IST">
  <testcase classname="com.saucedemo.Tests.AddToCartTest" name="Login" time="0.455"/>
  <testcase classname="com.saucedemo.Tests.AddToCartTest" name="AddToCart" time="0.128"/>
  <testcase classname="com.saucedemo.Tests.RemoveFromCartTest" name="RemoveFromCart" time="0.365"/>
</testsuite> <!-- Test -->
